IQ-TREE multicore version 2.0.3 for Mac OS X 64-bit built Dec 19 2020
Developed by Bui Quang Minh, Nguyen Lam Tung, Olga Chernomor,
Heiko Schmidt, Dominik Schrempf, Michael Woodhams.

Host:    iGEMs-MBP.lan (AVX2, FMA3, 8 GB RAM)
Command: iqtree -s HIV_RT.fasta -T AUTO
Seed:    636132 (Using SPRNG - Scalable Parallel Random Number Generator)
Time:    Sun Jan  9 07:50:32 2022
Kernel:  AVX+FMA - auto-detect threads (4 CPU cores detected)

Reading alignment file HIV_RT.fasta ... Fasta format detected
Alignment most likely contains DNA/RNA sequences
Alignment has 476 sequences with 1005 columns, 720 distinct patterns
462 parsimony-informative, 53 singleton sites, 490 constant sites
           Gap/Ambiguity  Composition  p-value
   1  N1199101    34.53%    passed     91.25%
   2  T1199908    11.24%    passed     98.22%
   3  N2199809    19.70%    passed     97.95%
   4  N3199901    35.12%    passed     84.77%
   5  T3200011    11.04%    passed     98.87%
   6  N4199904    13.13%    passed     88.94%
   7  T4200608    10.55%    passed     88.42%
   8  N5199906    15.02%    passed     98.70%
   9  T5200107    10.95%    passed     89.00%
  10  N6199906    10.35%    passed     97.01%
  11  T6200007    10.05%    passed     92.40%
  12  N7199611    36.72%    passed     59.76%
  13  T7199811    39.80%    passed     69.73%
  14  N8199907     9.85%    passed     87.11%
  15  T8200310    12.84%    passed     87.78%
  16  N9199909     9.35%    passed     93.93%
  17  T9200006     9.65%    passed     94.65%
  18  N10199911   11.04%    passed     89.30%
  19  T10200305   10.45%    passed     94.44%
  20  N11199911    9.75%    passed     88.69%
  21  T11200103    9.95%    passed     87.71%
  22  N12200008   10.75%    passed     97.86%
  23  T12200101   10.45%    passed     97.77%
  24  N13200010   12.04%    passed     84.50%
  25  T13200309   11.24%    passed     75.02%
  26  N14200012   10.95%    passed     99.53%
  27  T14200204   12.54%    passed     96.85%
  28  N15200101   11.44%    passed     89.10%
  29  T15200201   11.84%    passed     92.09%
  30  N16200103   10.85%    passed     91.64%
  31  T16200304   11.04%    passed     94.89%
  32  N17199606   31.94%    passed     99.01%
  33  T17199703   31.94%    passed     98.02%
  34  N18200108   11.14%    passed     99.16%
  35  T18200309   11.44%    passed     98.92%
  36  N20200107   11.14%    passed     98.14%
  37  T20200108   11.44%    passed     98.11%
  38  N21199201   25.37%    passed     95.42%
  39  T21199809   25.47%    passed     96.64%
  40  N22199107   25.57%    passed     98.26%
  41  T22199809   25.77%    passed     97.34%
  42  N23200204   11.04%    passed     96.46%
  43  T23200207   11.54%    passed     97.21%
  44  N24200206   10.25%    passed     99.14%
  45  T24200309   10.95%    passed     99.14%
  46  N25200207   10.75%    passed     98.94%
  47  T25200305   10.55%    passed     96.96%
  48  N26200207   11.14%    passed     96.71%
  49  T26200211   29.35%    passed     96.84%
  50  N27199901   38.11%    passed     99.43%
  51  T27199905   37.81%    passed     99.30%
  52  N28199901   37.81%    passed     98.47%
  53  T28200101   38.01%    passed     95.23%
  54  N29199901   37.81%    passed     96.36%
  55  T29200003   39.20%    passed     83.36%
  56  N30199901   38.21%    passed     98.51%
  57  T30199909   38.31%    passed     99.34%
  58  N31199901   38.61%    passed     98.39%
  59  T31200003   38.81%    passed     88.71%
  60  N32199901   38.21%    passed     99.64%
  61  T32200007   38.21%    passed     98.98%
  62  N33199901   38.11%    passed     95.57%
  63  T33200009   38.11%    passed     92.63%
  64  N34199901   37.81%    passed     96.53%
  65  T34199911   38.11%    passed     95.12%
  66  N35199901   37.91%    passed     93.52%
  67  T35200006   38.11%    passed     90.91%
  68  N36199901   37.91%    passed     97.15%
  69  T36199905   37.71%    passed     95.66%
  70  N37199901   37.71%    passed     93.05%
  71  T37199910   37.91%    passed     98.01%
  72  N38199905   38.51%    passed     72.80%
  73  T38199907   38.51%    passed     53.39%
  74  N39199905   38.51%    passed     75.06%
  75  T39199907   38.51%    passed     88.65%
  76  N40199903   38.51%    passed     62.30%
  77  T40199905   38.51%    passed     87.62%
  78  N41200002   35.82%    passed     91.58%
  79  T41200107   25.37%    passed     84.77%
  80  N43200201   11.84%    passed     94.99%
  81  T43200209   11.74%    passed     83.76%
  82  N44200201   12.14%    passed     86.39%
  83  T44200204   11.54%    passed     95.32%
  84  N45200201   11.44%    passed     97.20%
  85  T45200208   11.34%    passed     95.82%
  86  N46200412   26.87%    passed     77.44%
  87  T46200502   30.25%    passed     90.39%
  88  N47200412   26.87%    passed     94.99%
  89  T47200502   30.35%    passed     97.72%
  90  N48200412   27.06%    passed     93.55%
  91  T48200502   30.25%    passed     97.39%
  92  N49200412   26.97%    passed     90.84%
  93  T49200502   30.15%    passed     92.79%
  94  N50200412   26.87%    passed     87.29%
  95  T50200502   29.85%    passed     92.82%
  96  N51200412   27.26%    passed     77.86%
  97  T51200502   30.05%    passed     87.06%
  98  N52200412   26.87%    passed     94.34%
  99  T52200502   30.05%    passed     93.53%
 100  N53200412   26.97%    passed     89.36%
 101  T53200502   29.85%    passed     80.85%
 102  N54200412   26.87%    passed     95.89%
 103  T54200502   30.05%    passed     96.22%
 104  N55200412   26.97%    passed     72.61%
 105  T55200502   30.45%    passed     81.86%
 106  N56200412   27.06%    passed     81.37%
 107  T56200502   29.85%    passed     86.37%
 108  N57200412   26.87%    passed     78.78%
 109  T57200502   29.85%    passed     83.89%
 110  N58200412   27.16%    passed     95.90%
 111  T58200502   30.05%    passed     98.27%
 112  N59200412   26.87%    passed     91.50%
 113  T59200502   29.95%    passed     94.69%
 114  N60200412   27.26%    passed     95.18%
 115  T60200502   30.15%    passed     97.38%
 116  N61200412   26.87%    passed     81.19%
 117  T61200502   30.35%    passed     90.79%
 118  N62200101   17.91%    passed     99.73%
 119  T62200201   17.31%    passed     98.65%
 120  N63200101   17.41%    passed     98.09%
 121  T63200201   17.31%    passed     85.82%
 122  N64199904   38.41%    passed     90.56%
 123  T64199905   38.61%    passed     87.42%
 124  N65199902   37.81%    passed     95.26%
 125  T65200101   37.51%    passed     88.92%
 126  N66199812   37.51%    passed     97.15%
 127  T66200012   37.41%    passed     84.26%
 128  N67199906   38.61%    passed     90.90%
 129  T67199909   38.51%    passed     93.61%
 130  N68199905   37.81%    passed     95.26%
 131  T68199912   37.41%    passed     94.97%
 132  N69199906   37.41%    passed     91.80%
 133  T69200009   37.61%    passed     95.29%
 134  N70199812   37.61%    passed     99.50%
 135  T70200202   37.51%    passed     99.71%
 136  N71199901   38.91%    passed     94.20%
 137  T71200006   27.86%    passed     98.56%
 138  N72199903   37.31%    passed     95.15%
 139  T72200011   37.11%    passed     90.57%
 140  N73199904   37.51%    passed     92.19%
 141  T73200108   37.81%    passed     89.70%
 142  N74199812   40.80%    passed     97.83%
 143  T74200204   37.51%    passed     92.50%
 144  N75199811   11.94%    passed     95.34%
 145  T75200101   19.70%    passed     93.83%
 146  N76199904   22.99%    passed     95.13%
 147  T76200005   15.72%    passed     99.68%
 148  N77199906   13.23%    passed     78.82%
 149  T77200005   12.44%    passed     58.07%
 150  N78199911   13.93%    passed     99.92%
 151  T78199912   15.32%    passed     98.53%
 152  N79199912    9.55%    passed     96.07%
 153  T79200004   19.70%    passed     97.19%
 154  N80199904   38.11%    passed     99.62%
 155  T80200007   38.01%    passed     99.78%
 156  N81199910   11.64%    passed     93.28%
 157  T81200002   13.23%    passed     98.24%
 158  N82199909   14.03%    passed     99.40%
 159  T82200102   11.04%    passed     98.64%
 160  N83199909   15.92%    passed     97.05%
 161  T83200010   38.31%    passed     96.06%
 162  N84199903   10.85%    passed     99.44%
 163  T84200002   20.40%    passed     99.92%
 164  N85199811   22.99%    passed     98.47%
 165  T85199908   37.41%    passed     91.42%
 166  N86199901   10.15%    passed     87.45%
 167  T86200009   10.95%    passed     86.95%
 168  N87199903   38.41%    passed     99.36%
 169  T87200011   37.61%    passed     89.78%
 170  N88199901   38.61%    passed     98.16%
 171  T88200112   38.01%    passed     95.68%
 172  N89199902   37.51%    passed     92.40%
 173  T89199904   37.71%    passed     94.51%
 174  N90199902   10.25%    passed     89.13%
 175  T90200101    9.25%    passed     91.90%
 176  N91199903   37.81%    passed    100.00%
 177  T91199912   27.96%    passed     93.45%
 178  N92199904   37.91%    passed     98.45%
 179  T92200003   38.71%    passed     97.91%
 180  N93199906   38.21%    passed     98.92%
 181  T93200203   37.31%    passed     96.33%
 182  N94199910   38.71%    passed     92.65%
 183  T94200105   38.41%    passed     95.55%
 184  N95199908   37.61%    passed     94.19%
 185  T95200001   37.81%    passed     91.54%
 186  N96199908   38.51%    passed     97.60%
 187  T96199911   38.81%    passed     96.08%
 188  N97199901   38.71%    passed     97.85%
 189  T97200204   39.80%    passed     98.81%
 190  N98199901   13.73%    passed     99.38%
 191  T98199910   10.55%    passed     98.57%
 192  N99199903   37.71%    passed     98.67%
 193  T99200101   37.41%    passed     95.88%
 194  N10019990   15.92%    passed     85.99%
 195  T10020000    9.85%    passed     98.88%
 196  N10119990   14.23%    passed     83.99%
 197  T10120000   21.59%    passed     76.68%
 198  N10219981   37.61%    passed     95.47%
 199  T10219990   30.05%    passed     89.76%
 200  N10319990   11.94%    passed     92.15%
 201  T10320000   23.88%    passed     97.73%
 202  N10419990   17.61%    passed     95.37%
 203  T10420000   22.99%    passed     99.14%
 204  N10519990   15.02%    passed     98.58%
 205  T10520000   14.63%    passed     96.68%
 206  N10619990   37.61%    passed     94.36%
 207  T10620010   37.41%    passed     97.25%
 208  N10719990    9.55%    passed     95.31%
 209  T10720000   37.61%    passed     97.25%
 210  N10819981   38.71%    passed     90.99%
 211  T10819990   37.71%    passed     97.76%
 212  N10919990   37.41%    passed     98.46%
 213  T10920010   38.11%    passed     97.22%
 214  N11019990   38.91%    passed     97.76%
 215  T11020000   40.00%    passed     91.73%
 216  N11119990   37.61%    passed     93.29%
 217  T11120010   37.41%    passed     96.51%
 218  N11219990   37.91%    passed     93.73%
 219  T11220000   37.41%    passed     84.48%
 220  N11319990   37.61%    passed     97.27%
 221  T11319991   37.81%    passed     97.27%
 222  N11419990   39.00%    passed     96.76%
 223  T11420000   38.81%    passed     98.24%
 224  N11519991   38.11%    passed     95.35%
 225  T11520000   38.51%    passed     89.62%
 226  N11619991   37.61%    passed     93.50%
 227  T11620001   38.41%    passed     93.85%
 228  N11719991   37.71%    passed     98.11%
 229  T11720000   38.01%    passed     97.11%
 230  N11819990   37.71%    passed     97.68%
 231  T11819990   37.61%    passed     95.02%
 232  N11919991   38.01%    passed     92.37%
 233  T11920000   38.21%    passed     92.61%
 234  N12019991   38.81%    passed     96.44%
 235  T12020020   37.51%    passed     95.65%
 236  N12119990   10.25%    passed     90.47%
 237  T12120000   11.14%    passed     95.91%
 238  N12219990   11.14%    passed     93.71%
 239  T12219990   11.44%    passed     88.42%
 240  N12319990   10.05%    passed     94.49%
 241  T12320000   11.34%    passed     98.08%
 242  N12419991   37.71%    passed     94.05%
 243  T12419991   37.51%    passed     95.46%
 244  N12519981   38.51%    passed     97.42%
 245  T12519990   39.00%    passed     97.26%
 246  N12619990   37.71%    passed     95.50%
 247  T12619990   37.71%    passed     95.50%
 248  N12719990   37.71%    passed     98.42%
 249  T12719990   37.91%    passed     99.82%
 250  N12819990   38.51%    passed     97.42%
 251  T12819991   37.81%    passed     99.30%
 252  N12919991   37.91%    passed     95.60%
 253  T12920010   37.71%    passed     91.06%
 254  N13019981   37.71%    passed     98.88%
 255  T13019990   37.81%    passed     98.53%
 256  N13119990   38.51%    passed     91.86%
 257  T13119990   38.41%    passed     92.95%
 258  N13219990   37.31%    passed     78.41%
 259  T13219990   25.27%    passed     76.55%
 260  N13319990   38.01%    passed     97.14%
 261  T13320000   38.41%    passed     98.87%
 262  N13419990   37.91%    passed     97.05%
 263  T13419991   37.51%    passed     97.64%
 264  N13519990   37.21%    passed     91.57%
 265  T13519991   37.51%    passed     86.34%
 266  N13619991   38.01%    passed     97.86%
 267  T13620010   38.01%    passed     98.82%
 268  N13719991   37.71%    passed     97.14%
 269  T13720000   38.01%    passed     95.63%
 270  N13819981   37.41%    passed     89.66%
 271  T13820000   37.51%    passed     95.77%
 272  N13919981   37.81%    passed     74.64%
 273  T13920000   37.61%    passed     81.25%
 274  N14019990   37.91%    passed     96.59%
 275  T14019990   11.94%    passed     98.71%
 276  N14119990   39.10%    passed     92.40%
 277  T14120000   38.81%    passed     84.70%
 278  N14219990   38.41%    passed     84.10%
 279  T14220000   37.31%    passed     85.83%
 280  N14319990   38.31%    passed     95.06%
 281  T14320001   37.81%    passed     94.08%
 282  N14419990   38.91%    passed     98.49%
 283  T14420000   38.31%    passed     99.03%
 284  N14519991   39.40%    passed     98.57%
 285  T14520001   38.91%    passed     97.19%
 286  N14619991   37.61%    passed     90.87%
 287  T14620001   38.21%    passed     91.71%
 288  N14719991   38.61%    passed     95.64%
 289  T14720001   37.91%    passed     98.30%
 290  N14819990   38.11%    passed     97.30%
 291  T14819991   38.41%    passed     96.58%
 292  N14919990   38.71%    passed     97.57%
 293  T14920010   38.21%    passed     97.99%
 294  N15019990   38.61%    passed     93.78%
 295  T15019990   38.51%    passed     94.54%
 296  N15119991   38.01%    passed     99.74%
 297  T15120020   37.51%    passed     95.77%
 298  N15219990   38.01%    passed     97.87%
 299  T15220010   37.41%    passed     98.90%
 300  N15319990   38.21%    passed     97.55%
 301  T15319991   37.91%    passed     93.38%
 302  N15419981   38.41%    passed     99.95%
 303  T15419990   38.81%    passed     99.96%
 304  N15519981   37.41%    passed     93.04%
 305  T15520000   37.51%    passed     98.39%
 306  N15619990   37.71%    passed     97.08%
 307  T15619991   38.01%    passed     96.08%
 308  N15719990   38.11%    passed     95.32%
 309  T15719991   38.41%    passed     91.87%
 310  N15819990   38.31%    passed     94.27%
 311  T15820000   38.41%    passed     93.83%
 312  N15919990   38.11%    passed     95.23%
 313  T15920000   37.21%    passed     92.78%
 314  N16019991   38.31%    passed     98.45%
 315  T16019991   14.23%    passed     99.22%
 316  N16119990   11.14%    passed     98.98%
 317  T16119990   12.14%    passed     99.76%
 318  N16219990   12.44%    passed     98.82%
 319  T16219990   14.33%    passed     98.20%
 320  N16319990   10.65%    passed     88.44%
 321  T16320000   21.99%    passed     92.08%
 322  N16419990   39.50%    passed     94.48%
 323  T16420011   38.31%    passed     94.06%
 324  N16519990   13.03%    passed     99.58%
 325  T16519991   22.79%    passed     99.75%
 326  N16619990   13.83%    passed     96.56%
 327  T16620000   10.25%    passed     89.82%
 328  N16719991   22.79%    passed     99.14%
 329  T16720001   37.71%    passed     98.39%
 330  N16819990   10.65%    passed     97.57%
 331  T16820010   18.31%    passed     93.00%
 332  N16919990   37.71%    passed     95.71%
 333  T16920011   37.51%    passed     97.96%
 334  N17019990   39.30%    passed     96.51%
 335  T17020000   38.71%    passed     98.51%
 336  N17119990   38.41%    passed     93.57%
 337  T17120000   37.31%    passed     96.35%
 338  N17219990   37.61%    passed     88.10%
 339  T17220001   38.41%    passed     95.98%
 340  N17319990   37.61%    passed     99.85%
 341  T17319991   37.51%    passed     99.36%
 342  N17419990   38.31%    passed     84.57%
 343  T17420020   38.51%    passed     92.95%
 344  N17519990   37.31%    passed     93.01%
 345  T17520011   37.61%    passed     93.58%
 346  N17619981   10.25%    passed     96.34%
 347  T17620000   11.44%    passed     93.74%
 348  N17719990    9.95%    passed     94.75%
 349  T17720000   37.71%    passed     99.57%
 350  N17819990   37.31%    passed     98.70%
 351  T17820020   37.61%    passed     93.72%
 352  N17919990   38.81%    passed     94.07%
 353  T17920000   37.21%    passed     85.89%
 354  N18019990   38.61%    passed     92.28%
 355  T18020000   38.11%    passed     89.73%
 356  N18119990   39.40%    passed     97.23%
 357  T18120000   38.91%    passed     93.73%
 358  N18219990   38.11%    passed     89.40%
 359  T18220000   38.41%    passed     90.27%
 360  N18319990   37.41%    passed     99.43%
 361  T18319990   37.61%    passed     99.82%
 362  N18419990   37.91%    passed     99.22%
 363  T18420000   37.51%    passed     99.78%
 364  N18519990   38.21%    passed     99.37%
 365  T18520000   37.21%    passed     98.18%
 366  N18619991   38.21%    passed     97.22%
 367  T18620020   38.51%    passed     96.73%
 368  N18719990   38.71%    passed     98.01%
 369  T18720000   38.41%    passed     99.53%
 370  N18819990   37.51%    passed     99.39%
 371  T18819991   37.51%    passed     95.94%
 372  N18919981   37.41%    passed     92.56%
 373  T18919990   37.41%    passed     92.72%
 374  N19019990   38.11%    passed     93.89%
 375  T19020020   28.36%    passed     98.87%
 376  N19119990   38.01%    passed     95.77%
 377  T19120010   37.71%    passed     94.88%
 378  N19219990   37.91%    passed     93.72%
 379  T19219990   37.81%    passed     94.00%
 380  N19319990   37.71%    passed     91.66%
 381  T19320000   37.81%    passed     94.71%
 382  N19419981   37.61%    passed     92.77%
 383  T19420000   38.41%    passed     87.94%
 384  N19519990   37.61%    passed     95.38%
 385  T19520010   37.41%    passed     94.58%
 386  N19619990   38.61%    passed     99.39%
 387  T19620000   37.41%    passed     99.43%
 388  N19719990   38.21%    passed     97.72%
 389  T19720020   38.41%    passed     99.65%
 390  N19819990   38.41%    passed     99.71%
 391  T19820000   41.29%    passed     90.29%
 392  N19919991   38.21%    passed     75.54%
 393  T19920000   37.41%    passed     88.44%
 394  N20019991   37.91%    passed     90.20%
 395  T20020000   38.11%    passed     89.28%
 396  N20119991   38.61%    passed     93.36%
 397  T20120010   38.01%    passed     88.12%
 398  N20219981   37.21%    passed     99.36%
 399  T20219990   37.41%    passed     99.56%
 400  N20319990   38.11%    passed     99.11%
 401  T20319990   38.01%    passed     98.53%
 402  N20419990   38.81%    passed     94.90%
 403  T20419990   37.91%    passed     95.87%
 404  N20519990   38.41%    passed     98.57%
 405  T20520000   38.11%    passed     99.13%
 406  N20619990   38.01%    passed     98.09%
 407  T20620010   38.61%    passed     96.11%
 408  N20719991   37.51%    passed     92.11%
 409  T20720000   37.71%    passed     91.83%
 410  N20819990    3.48%    passed     86.59%
 411  T20820000    3.98%    passed     86.49%
 412  N20919990    4.38%    passed     81.68%
 413  T20920000    4.58%    passed     87.48%
 414  N21019990    4.48%    passed     96.02%
 415  T21019991    3.28%    passed     95.34%
 416  N21119990    3.48%    passed     89.33%
 417  T21120000    3.78%    passed     90.84%
 418  N21219990    4.08%    passed     94.29%
 419  T21219991    3.68%    passed     91.36%
 420  N21319990    3.58%    passed     80.86%
 421  T21319991    4.98%    passed     80.86%
 422  N21419990    4.18%    passed     85.09%
 423  T21420000    3.68%    passed     85.64%
 424  N21519990    4.48%    passed     90.90%
 425  T21519991    4.58%    passed     96.96%
 426  N21619990    5.67%    passed     71.61%
 427  T21620020   24.58%    passed     94.36%
 428  N21719990    3.78%    passed     88.74%
 429  T21720000    3.98%    passed     87.12%
 430  N21919990    3.58%    passed     72.88%
 431  T21920000    3.58%    passed     71.75%
 432  N22019990    4.78%    passed     90.34%
 433  T22020000    4.88%    passed     90.56%
 434  N22119990    4.28%    passed     91.15%
 435  T22120000    4.28%    passed     84.96%
 436  N22219991   38.21%    passed     97.99%
 437  T22220000   37.81%    passed     98.37%
 438  N22319990   38.71%    passed     84.73%
 439  T22320001   37.31%    passed     87.76%
 440  N22419990   23.28%    passed     96.42%
 441  T22420000   17.61%    passed     92.77%
 442  N22519990   37.51%    passed     86.13%
 443  T22520011   37.31%    passed     78.25%
 444  N22619990   37.71%    passed     99.98%
 445  T22619990   37.81%    passed     99.95%
 446  N22719990   10.45%    passed     95.05%
 447  T22720000   37.31%    passed     97.31%
 448  N22819990   10.25%    passed     94.41%
 449  T22820001   37.91%    passed     91.80%
 450  N22919990   38.21%    passed     90.14%
 451  T22920001   39.60%    passed     87.96%
 452  N23019990   38.31%    passed     96.55%
 453  T23020000   38.41%    passed     93.02%
 454  N23119990   38.21%    passed     99.30%
 455  T23120000   29.65%    passed     99.36%
 456  N23219990   38.21%    passed     94.05%
 457  T23220001   37.41%    passed     95.33%
 458  N23319990   37.31%    passed     99.01%
 459  T23320011   37.61%    passed     97.23%
 460  N23419990   38.31%    passed     96.48%
 461  T23420001   10.45%    passed     88.37%
 462  N23519990   37.61%    passed     74.46%
 463  T23520000   37.21%    passed     82.69%
 464  N23619991   38.01%    passed     98.09%
 465  T23620000   37.71%    passed     92.62%
 466  N23720041    2.49%    passed     96.37%
 467  T23720060    1.49%    passed     95.35%
 468  N23820050    1.59%    passed     62.57%
 469  T23820090    0.90%    passed     72.51%
 470  N23920060    1.59%    passed     52.57%
 471  T23920070    0.40%    passed     36.89%
 472  N24020071    1.49%    passed     59.92%
 473  T24020080    0.00%    passed     52.81%
 474  T24120081    0.10%    passed     87.74%
 475  N24220000    3.88%    passed     77.21%
 476  T24220020    1.09%    passed     66.68%
****  TOTAL       28.58%  0 sequences failed composition chi2 test (p-value<5%; df=3)
NOTE: T12619990 is identical to N12619990 but kept for subsequent analysis


Create initial parsimony tree by phylogenetic likelihood library (PLL)... 0.134 seconds
Measuring multi-threading efficiency up to 4 CPU cores
Increase to 10 rounds for branch lengths
5 trees examined
Threads: 1 / Time: 4.073 sec / Speedup: 1.000 / Efficiency: 100% / LogL: -46785
Threads: 2 / Time: 2.741 sec / Speedup: 1.486 / Efficiency: 74% / LogL: -46785
Threads: 3 / Time: 3.487 sec / Speedup: 1.168 / Efficiency: 39% / LogL: -46785
BEST NUMBER OF THREADS: 2

Perform fast likelihood tree search using GTR+I+G model...
Estimate model parameters (epsilon = 5.000)
Perform nearest neighbor interchange...
Estimate model parameters (epsilon = 1.000)
1. Initial log-likelihood: -24432.209
Optimal log-likelihood: -24431.724
Rate parameters:  A-C: 1.65570  A-G: 7.37461  A-T: 0.85827  C-G: 0.88597  C-T: 8.80214  G-T: 1.00000
Base frequencies:  A: 0.396  C: 0.167  G: 0.203  T: 0.233
Proportion of invariable sites: 0.413
Gamma shape alpha: 0.711
Parameters optimization took 1 rounds (0.645 sec)
Time for fast ML tree search: 7.637 seconds

NOTE: ModelFinder requires 111 MB RAM!
ModelFinder will test up to 286 DNA models (sample size: 1005) ...
 No. Model         -LnL         df  AIC          AICc         BIC
  1  GTR+F         27753.575    957 57421.150    96434.171    62122.645
  2  GTR+F+I       25572.772    958 53061.544    93005.979    57767.952
  3  GTR+F+G4      24664.249    958 51244.498    91188.932    55950.905
  4  GTR+F+I+G4    24431.704    959 50781.408    91698.741    55492.728
  5  GTR+F+R2      25065.170    959 52048.341    92965.674    56759.661
  6  GTR+F+R3      24534.063    961 50990.126    93989.289    55711.272
  7  GTR+F+R4      24389.557    963 50705.115    95989.602    55436.086
WARNING: Log-likelihood -24569.8 of GTR+F+R5 worse than GTR+F+R4 -24389.6
  8  GTR+F+R5      24569.769    965 51069.538    98874.154    55810.335
 20  SYM+R4        24493.570    960 50907.140    92841.685    55623.373
 33  TVM+F+R4      24374.550    962 50673.100    94787.671    55399.158
 46  TVMe+R4       24500.523    959 50919.045    91836.379    55630.366
 59  TIM3+F+R4     24385.120    961 50692.239    93691.402    55413.385
 72  TIM3e+R4      24551.931    958 51019.862    90964.297    55726.270
 85  TIM2+F+R4     24403.248    961 50728.496    93727.659    55449.642
 98  TIM2e+R4      24505.522    958 50927.044    90871.479    55633.452
111  TIM+F+R4      24384.558    961 50691.116    93690.279    55412.262
124  TIMe+R4       24544.056    958 51004.113    90948.547    55710.520
137  TPM3u+F+R4    24390.341    960 50700.681    92635.227    55416.914
150  TPM3+F+R4     24390.341    960 50700.681    92635.227    55416.914
163  TPM2u+F+R4    24409.771    960 50739.542    92674.087    55455.775
176  TPM2+F+R4     24409.771    960 50739.542    92674.087    55455.775
189  K3Pu+F+R4     24389.625    960 50699.251    92633.796    55415.484
202  K3P+R4        24550.946    957 51015.892    90028.913    55717.387
215  TN+F+R4       24407.311    960 50734.623    92669.168    55450.856
228  TNe+R4        24554.858    957 51023.715    90036.736    55725.210
241  HKY+F+R4      24412.405    959 50742.811    91660.144    55454.131
254  K2P+R4        24561.742    956 51035.485    89155.985    55732.067
267  F81+F+R4      26184.687    958 54285.374    94229.809    58991.782
280  JC+R4         26287.475    955 54484.950    91749.440    59176.620
Akaike Information Criterion:           TVM+F+R4
Corrected Akaike Information Criterion: K2P+R4
Bayesian Information Criterion:         TVM+F+R4
Best-fit model: TVM+F+R4 chosen according to BIC

All model information printed to HIV_RT.fasta.model.gz
CPU time for ModelFinder: 307.953 seconds (0h:5m:7s)
Wall-clock time for ModelFinder: 206.630 seconds (0h:3m:26s)

NOTE: 44 MB RAM (0 GB) is required!
Estimate model parameters (epsilon = 0.100)
1. Initial log-likelihood: -24374.550
2. Current log-likelihood: -24374.279
Optimal log-likelihood: -24374.138
Rate parameters:  A-C: 1.69056  A-G: 8.04104  A-T: 0.86508  C-G: 0.89477  C-T: 8.04104  G-T: 1.00000
Base frequencies:  A: 0.396  C: 0.167  G: 0.203  T: 0.233
Site proportion and rates:  (0.542,0.041) (0.201,0.831) (0.223,2.449) (0.034,7.876)
Parameters optimization took 2 rounds (1.663 sec)
Computing ML distances based on estimated model parameters... 6.857 sec
Computing BIONJ tree...
0.344 seconds
Log-likelihood of BIONJ tree: -24637.934
--------------------------------------------------------------------
|             INITIALIZING CANDIDATE TREE SET                      |
--------------------------------------------------------------------
Generating 98 parsimony trees... 11.575 second
Computing log-likelihood of 98 initial trees ... 6.408 seconds
Current best score: -24374.138

Do NNI search on 20 best initial trees
Estimate model parameters (epsilon = 0.100)
BETTER TREE FOUND at iteration 1: -24369.058
Iteration 10 / LogL: -24439.497 / Time: 0h:0m:37s
Iteration 20 / LogL: -24427.270 / Time: 0h:0m:50s
Finish initializing candidate tree set (20)
Current best tree score: -24369.058 / CPU time: 42.783
Number of iterations: 20
--------------------------------------------------------------------
|               OPTIMIZING CANDIDATE TREE SET                      |
--------------------------------------------------------------------
Estimate model parameters (epsilon = 0.100)
BETTER TREE FOUND at iteration 29: -24360.302
Iteration 30 / LogL: -24380.636 / Time: 0h:1m:10s (0h:4m:0s left)
Estimate model parameters (epsilon = 0.100)
BETTER TREE FOUND at iteration 34: -24352.367
Iteration 40 / LogL: -24402.922 / Time: 0h:1m:32s (0h:3m:42s left)
Estimate model parameters (epsilon = 0.100)
BETTER TREE FOUND at iteration 49: -24351.720
Iteration 50 / LogL: -24357.657 / Time: 0h:1m:49s (0h:3m:41s left)
Estimate model parameters (epsilon = 0.100)
BETTER TREE FOUND at iteration 55: -24334.464
Iteration 60 / LogL: -24346.167 / Time: 0h:2m:8s (0h:3m:26s left)
Estimate model parameters (epsilon = 0.100)
BETTER TREE FOUND at iteration 68: -24334.090
Iteration 70 / LogL: -24351.095 / Time: 0h:2m:24s (0h:3m:25s left)
Estimate model parameters (epsilon = 0.100)
BETTER TREE FOUND at iteration 71: -24329.107
Iteration 80 / LogL: -24339.824 / Time: 0h:2m:41s (0h:3m:5s left)
Estimate model parameters (epsilon = 0.100)
BETTER TREE FOUND at iteration 88: -24322.338
Iteration 90 / LogL: -24413.444 / Time: 0h:2m:58s (0h:3m:16s left)
Iteration 100 / LogL: -24380.342 / Time: 0h:3m:14s (0h:2m:52s left)
Estimate model parameters (epsilon = 0.100)
BETTER TREE FOUND at iteration 109: -24321.045
Iteration 110 / LogL: -24438.368 / Time: 0h:3m:33s (0h:3m:14s left)
Estimate model parameters (epsilon = 0.100)
BETTER TREE FOUND at iteration 112: -24317.122
Estimate model parameters (epsilon = 0.100)
BETTER TREE FOUND at iteration 115: -24309.539
Iteration 120 / LogL: -24355.766 / Time: 0h:3m:55s (0h:3m:7s left)
Estimate model parameters (epsilon = 0.100)
BETTER TREE FOUND at iteration 125: -24306.718
Iteration 130 / LogL: -24316.084 / Time: 0h:7m:57s (0h:5m:51s left)
Estimate model parameters (epsilon = 0.100)
BETTER TREE FOUND at iteration 136: -24304.868
Iteration 140 / LogL: -24308.319 / Time: 0h:8m:16s (0h:5m:43s left)
Iteration 150 / LogL: -24326.772 / Time: 0h:8m:42s (0h:5m:1s left)
Estimate model parameters (epsilon = 0.100)
BETTER TREE FOUND at iteration 152: -24300.344
Estimate model parameters (epsilon = 0.100)
BETTER TREE FOUND at iteration 156: -24299.999
Estimate model parameters (epsilon = 0.100)
BETTER TREE FOUND at iteration 160: -24296.161
Iteration 160 / LogL: -24296.161 / Time: 0h:9m:8s (0h:5m:44s left)
Estimate model parameters (epsilon = 0.100)
BETTER TREE FOUND at iteration 163: -24290.942
Iteration 170 / LogL: -24297.515 / Time: 0h:9m:29s (0h:5m:13s left)
Iteration 180 / LogL: -24300.522 / Time: 0h:9m:48s (0h:4m:32s left)
Estimate model parameters (epsilon = 0.100)
BETTER TREE FOUND at iteration 181: -24288.151
Iteration 190 / LogL: -24325.694 / Time: 0h:10m:11s (0h:4m:54s left)
Estimate model parameters (epsilon = 0.100)
BETTER TREE FOUND at iteration 196: -24284.518
Iteration 200 / LogL: -24400.404 / Time: 0h:10m:31s (0h:5m:4s left)
Estimate model parameters (epsilon = 0.100)
BETTER TREE FOUND at iteration 205: -24280.966
Estimate model parameters (epsilon = 0.100)
BETTER TREE FOUND at iteration 210: -24275.685
Iteration 210 / LogL: -24275.685 / Time: 0h:10m:54s (0h:5m:12s left)
Iteration 220 / LogL: -24296.969 / Time: 0h:11m:11s (0h:4m:36s left)
Iteration 230 / LogL: -24331.453 / Time: 0h:11m:33s (0h:4m:2s left)
Estimate model parameters (epsilon = 0.100)
BETTER TREE FOUND at iteration 236: -24273.505
Iteration 240 / LogL: -24337.103 / Time: 0h:11m:52s (0h:4m:46s left)
Iteration 250 / LogL: -24389.783 / Time: 0h:12m:21s (0h:4m:16s left)
Iteration 260 / LogL: -24389.969 / Time: 0h:12m:37s (0h:3m:42s left)
Iteration 270 / LogL: -24334.398 / Time: 0h:12m:55s (0h:3m:10s left)
Iteration 280 / LogL: -24274.787 / Time: 0h:13m:32s (0h:2m:43s left)
Iteration 290 / LogL: -24374.218 / Time: 0h:13m:50s (0h:2m:12s left)
Estimate model parameters (epsilon = 0.100)
BETTER TREE FOUND at iteration 291: -24271.588
Estimate model parameters (epsilon = 0.100)
BETTER TREE FOUND at iteration 292: -24270.476
Iteration 300 / LogL: -24287.547 / Time: 0h:14m:8s (0h:4m:21s left)
Iteration 310 / LogL: -24330.853 / Time: 0h:14m:28s (0h:3m:50s left)
Iteration 320 / LogL: -24349.223 / Time: 0h:14m:55s (0h:3m:22s left)
Iteration 330 / LogL: -24306.457 / Time: 0h:15m:17s (0h:2m:52s left)
Iteration 340 / LogL: -24365.650 / Time: 0h:15m:39s (0h:2m:24s left)
Iteration 350 / LogL: -24274.454 / Time: 0h:15m:59s (0h:1m:55s left)
Iteration 360 / LogL: -24283.687 / Time: 0h:16m:19s (0h:1m:27s left)
Iteration 370 / LogL: -24308.724 / Time: 0h:16m:39s (0h:0m:59s left)
Iteration 380 / LogL: -24274.670 / Time: 0h:17m:1s (0h:0m:32s left)
Iteration 390 / LogL: -24277.412 / Time: 0h:17m:25s (0h:0m:5s left)
TREE SEARCH COMPLETED AFTER 393 ITERATIONS / Time: 0h:17m:42s

--------------------------------------------------------------------
|                    FINALIZING TREE SEARCH                        |
--------------------------------------------------------------------
Performs final model parameters optimization
Estimate model parameters (epsilon = 0.010)
1. Initial log-likelihood: -24270.476
2. Current log-likelihood: -24270.450
3. Current log-likelihood: -24270.424
4. Current log-likelihood: -24270.409
5. Current log-likelihood: -24270.391
6. Current log-likelihood: -24270.375
7. Current log-likelihood: -24270.359
8. Current log-likelihood: -24270.344
9. Current log-likelihood: -24270.329
10. Current log-likelihood: -24270.315
11. Current log-likelihood: -24270.301
12. Current log-likelihood: -24270.287
13. Current log-likelihood: -24270.274
14. Current log-likelihood: -24270.260
15. Current log-likelihood: -24270.247
16. Current log-likelihood: -24270.235
17. Current log-likelihood: -24270.222
18. Current log-likelihood: -24270.211
19. Current log-likelihood: -24270.199
20. Current log-likelihood: -24270.188
21. Current log-likelihood: -24270.177
22. Current log-likelihood: -24270.167
23. Current log-likelihood: -24270.156
24. Current log-likelihood: -24270.146
Optimal log-likelihood: -24270.131
Rate parameters:  A-C: 1.76779  A-G: 8.38063  A-T: 0.89131  C-G: 0.89889  C-T: 8.38063  G-T: 1.00000
Base frequencies:  A: 0.396  C: 0.167  G: 0.203  T: 0.233
Site proportion and rates:  (0.534,0.034) (0.202,0.795) (0.230,2.431) (0.034,7.809)
Parameters optimization took 24 rounds (30.123 sec)
BEST SCORE FOUND : -24270.131
Total tree length: 6.603

Total number of iterations: 393
CPU time used for tree search: 1325.729 sec (0h:22m:5s)
Wall-clock time used for tree search: 1055.379 sec (0h:17m:35s)
Total CPU time used: 1368.923 sec (0h:22m:48s)
Total wall-clock time used: 1092.881 sec (0h:18m:12s)

Analysis results written to: 
  IQ-TREE report:                HIV_RT.fasta.iqtree
  Maximum-likelihood tree:       HIV_RT.fasta.treefile
  Likelihood distances:          HIV_RT.fasta.mldist
  Screen log file:               HIV_RT.fasta.log

Date and Time: Sun Jan  9 08:12:12 2022
